<?xml version="1.0" encoding="utf-8"?><testsuites name="pytest tests"><testsuite name="pytest" errors="0" failures="0" skipped="0" tests="22" time="14.001" timestamp="2026-01-25T01:52:01.698601+00:00" hostname="agent-env-95271255-9898-4149-a8a7-0336dad85544"><testcase classname="backend.tests.test_leader_invitation_registration.TestLeaderInvitationEndpoints" name="test_get_leader_invitations_empty_or_list" time="0.067" /><testcase classname="backend.tests.test_leader_invitation_registration.TestLeaderInvitationEndpoints" name="test_create_leader_invitation" time="0.314" /><testcase classname="backend.tests.test_leader_invitation_registration.TestLeaderInvitationEndpoints" name="test_create_duplicate_invitation_fails" time="0.309" /><testcase classname="backend.tests.test_leader_invitation_registration.TestLeaderInvitationEndpoints" name="test_get_invitation_by_token" time="0.313" /><testcase classname="backend.tests.test_leader_invitation_registration.TestLeaderInvitationEndpoints" name="test_get_invitation_invalid_token" time="0.041" /><testcase classname="backend.tests.test_leader_invitation_registration.TestLeaderInvitationEndpoints" name="test_delete_invitation" time="0.317" /><testcase classname="backend.tests.test_leader_invitation_registration.TestLeaderRegistrationEndpoints" name="test_register_leader_with_valid_token" time="0.788" /><testcase classname="backend.tests.test_leader_invitation_registration.TestLeaderRegistrationEndpoints" name="test_register_with_invalid_token" time="0.036" /><testcase classname="backend.tests.test_leader_invitation_registration.TestLeaderRegistrationEndpoints" name="test_register_with_used_token" time="0.740" /><testcase classname="backend.tests.test_leader_invitation_registration.TestLeaderRegistrationApproval" name="test_get_leader_registrations" time="0.041" /><testcase classname="backend.tests.test_leader_invitation_registration.TestLeaderRegistrationApproval" name="test_get_leader_registrations_by_status" time="0.038" /><testcase classname="backend.tests.test_leader_invitation_registration.TestLeaderRegistrationApproval" name="test_approve_registration" time="1.025" /><testcase classname="backend.tests.test_leader_invitation_registration.TestLeaderRegistrationApproval" name="test_reject_registration" time="1.046" /><testcase classname="backend.tests.test_leader_invitation_registration.TestLeaderLogin" name="test_login_approved_leader" time="1.225" /><testcase classname="backend.tests.test_leader_invitation_registration.TestLeaderLogin" name="test_login_wrong_password" time="1.187" /><testcase classname="backend.tests.test_leader_invitation_registration.TestLeaderLogin" name="test_login_nonexistent_email" time="0.038" /><testcase classname="backend.tests.test_leader_invitation_registration.TestLeaderLogin" name="test_login_pending_leader" time="1.010" /><testcase classname="backend.tests.test_leader_invitation_registration.TestLeaderPortalEndpoints" name="test_get_current_leader_profile" time="1.445" /><testcase classname="backend.tests.test_leader_invitation_registration.TestLeaderPortalEndpoints" name="test_get_current_leader_unauthorized" time="0.036" /><testcase classname="backend.tests.test_leader_invitation_registration.TestLeaderPortalEndpoints" name="test_update_leader_profile" time="1.295" /><testcase classname="backend.tests.test_leader_invitation_registration.TestLeaderPortalEndpoints" name="test_get_leader_sessions" time="1.202" /><testcase classname="backend.tests.test_leader_invitation_registration.TestFullLeaderFlow" name="test_complete_leader_flow" time="1.394" /></testsuite></testsuites>