<?xml version="1.0" encoding="utf-8"?><testsuites name="pytest tests"><testsuite name="pytest" errors="0" failures="0" skipped="0" tests="12" time="3.667" timestamp="2026-03-16T22:53:10.960108+00:00" hostname="agent-env-0aff7e52-5309-41db-aa84-0b84772b0e2e"><testcase classname="backend.tests.test_participant_password_setup.TestParticipantPasswordSetupEndpoints" name="test_verify_password_token_invalid" time="0.264" /><testcase classname="backend.tests.test_participant_password_setup.TestParticipantPasswordSetupEndpoints" name="test_set_password_invalid_token" time="0.286" /><testcase classname="backend.tests.test_participant_password_setup.TestParticipantPasswordSetupEndpoints" name="test_set_password_short_password" time="0.240" /><testcase classname="backend.tests.test_participant_password_setup.TestNominationApprovalFlow" name="test_get_workshops" time="0.321" /><testcase classname="backend.tests.test_participant_password_setup.TestNominationApprovalFlow" name="test_get_nominations" time="0.311" /><testcase classname="backend.tests.test_participant_password_setup.TestNominationApprovalFlow" name="test_create_nomination_for_approval_flow" time="0.304" /><testcase classname="backend.tests.test_participant_password_setup.TestProfileImageUploadUI" name="test_nomination_endpoint_exists" time="0.508" /><testcase classname="backend.tests.test_participant_password_setup.TestParticipantEndpoints" name="test_training_participants_endpoint" time="0.248" /><testcase classname="backend.tests.test_participant_password_setup.TestParticipantEndpoints" name="test_participant_login_invalid" time="0.289" /><testcase classname="backend.tests.test_participant_password_setup.TestEndpointStructure" name="test_verify_password_token_endpoint_exists" time="0.233" /><testcase classname="backend.tests.test_participant_password_setup.TestEndpointStructure" name="test_set_password_endpoint_exists" time="0.260" /><testcase classname="backend.tests.test_participant_password_setup.TestEndpointStructure" name="test_nominations_register_endpoint_exists" time="0.351" /></testsuite></testsuites>