<?xml version="1.0" encoding="utf-8"?><testsuites name="pytest tests"><testsuite name="pytest" errors="0" failures="0" skipped="0" tests="13" time="1.023" timestamp="2026-01-18T22:01:29.209190+00:00" hostname="agent-env-807dd34f-7b1e-4119-a19f-5408786bdd3c"><testcase classname="tests.test_training_participants.TestTrainingParticipantsAPI" name="test_get_training_participants_list" time="0.066" /><testcase classname="tests.test_training_participants.TestTrainingParticipantsAPI" name="test_get_specific_training_participant" time="0.053" /><testcase classname="tests.test_training_participants.TestTrainingParticipantsAPI" name="test_get_nonexistent_participant_returns_404" time="0.042" /><testcase classname="tests.test_training_participants.TestTrainingParticipantsAPI" name="test_update_participant_status_to_accepted" time="0.066" /><testcase classname="tests.test_training_participants.TestTrainingParticipantsAPI" name="test_update_participant_status_to_rejected" time="0.037" /><testcase classname="tests.test_training_participants.TestTrainingParticipantsAPI" name="test_update_participant_attendance_hours" time="0.063" /><testcase classname="tests.test_training_participants.TestTrainingParticipantsAPI" name="test_attendance_21_hours_auto_completes" time="0.034" /><testcase classname="tests.test_training_participants.TestTrainingParticipantsAPI" name="test_generate_diploma_pdf" time="0.092" /><testcase classname="tests.test_training_participants.TestTrainingParticipantsAPI" name="test_generate_diploma_fails_without_21_hours" time="0.057" /><testcase classname="tests.test_training_participants.TestTrainingParticipantsAPI" name="test_send_diploma_email" time="0.346" /><testcase classname="tests.test_training_participants.TestTrainingParticipantsAPI" name="test_update_status_nonexistent_participant" time="0.034" /><testcase classname="tests.test_training_participants.TestTrainingParticipantsAPI" name="test_update_attendance_nonexistent_participant" time="0.036" /><testcase classname="tests.test_training_participants.TestAPIHealth" name="test_api_root_endpoint" time="0.037" /></testsuite></testsuites>