<?xml version="1.0" encoding="utf-8"?><testsuites name="pytest tests"><testsuite name="pytest" errors="0" failures="0" skipped="0" tests="11" time="0.959" timestamp="2026-01-25T01:17:43.101998+00:00" hostname="agent-env-95271255-9898-4149-a8a7-0336dad85544"><testcase classname="backend.tests.test_nomination_link_qr.TestWorkshopEndpointForNomination" name="test_get_workshop_by_id_success" time="0.114" /><testcase classname="backend.tests.test_nomination_link_qr.TestWorkshopEndpointForNomination" name="test_get_workshop_by_id_not_found" time="0.043" /><testcase classname="backend.tests.test_nomination_link_qr.TestWorkshopEndpointForNomination" name="test_workshop_has_required_fields_for_nomination_form" time="0.042" /><testcase classname="backend.tests.test_nomination_link_qr.TestNominationCreation" name="test_create_nomination_success" time="0.050" /><testcase classname="backend.tests.test_nomination_link_qr.TestNominationCreation" name="test_create_nomination_minimal_fields" time="0.049" /><testcase classname="backend.tests.test_nomination_link_qr.TestNominationCreation" name="test_create_nomination_missing_required_fields" time="0.039" /><testcase classname="backend.tests.test_nomination_link_qr.TestNominationRetrieval" name="test_get_all_nominations" time="0.105" /><testcase classname="backend.tests.test_nomination_link_qr.TestNominationRetrieval" name="test_get_nominations_by_event_id" time="0.050" /><testcase classname="backend.tests.test_nomination_link_qr.TestNominationRetrieval" name="test_get_nominations_by_status" time="0.042" /><testcase classname="backend.tests.test_nomination_link_qr.TestNominationLinkWorkflow" name="test_full_nomination_workflow" time="0.200" /><testcase classname="backend.tests.test_nomination_link_qr.TestCleanup" name="test_cleanup_test_nominations" time="0.152" /></testsuite></testsuites>