<?xml version="1.0" encoding="utf-8"?><testsuites name="pytest tests"><testsuite name="pytest" errors="0" failures="0" skipped="0" tests="16" time="0.934" timestamp="2026-01-24T23:52:38.532367+00:00" hostname="agent-env-12586fa9-266a-47b8-99da-2d82b6647534"><testcase classname="backend.tests.test_agenda.TestWorkshopAgendaAPI" name="test_get_workshop_agenda" time="0.106" /><testcase classname="backend.tests.test_agenda.TestWorkshopAgendaAPI" name="test_get_workshop_agenda_nonexistent" time="0.047" /><testcase classname="backend.tests.test_agenda.TestWorkshopAgendaAPI" name="test_create_agenda_with_days_and_sessions" time="0.043" /><testcase classname="backend.tests.test_agenda.TestWorkshopAgendaAPI" name="test_update_existing_agenda" time="0.096" /><testcase classname="backend.tests.test_agenda.TestWorkshopAgendaAPI" name="test_agenda_session_types" time="0.045" /><testcase classname="backend.tests.test_agenda.TestAgendaPublish" name="test_publish_agenda" time="0.084" /><testcase classname="backend.tests.test_agenda.TestAgendaPublish" name="test_publish_nonexistent_agenda" time="0.043" /><testcase classname="backend.tests.test_agenda.TestPublicAgenda" name="test_get_public_agenda_published" time="0.047" /><testcase classname="backend.tests.test_agenda.TestPublicAgenda" name="test_get_public_agenda_not_published" time="0.039" /><testcase classname="backend.tests.test_agenda.TestAgendaReminder" name="test_send_reminder_for_day" time="0.088" /><testcase classname="backend.tests.test_agenda.TestAgendaReminder" name="test_send_reminder_nonexistent_day" time="0.041" /><testcase classname="backend.tests.test_agenda.TestAgendaReminder" name="test_send_reminder_nonexistent_agenda" time="0.034" /><testcase classname="backend.tests.test_agenda.TestWorkshopEndpoints" name="test_get_workshop" time="0.037" /><testcase classname="backend.tests.test_agenda.TestWorkshopEndpoints" name="test_get_workshops_list" time="0.039" /><testcase classname="backend.tests.test_agenda.TestWorkshopEndpoints" name="test_get_leaders" time="0.038" /><testcase classname="backend.tests.test_agenda.TestAgendaCleanup" name="test_restore_original_agenda" time="0.036" /></testsuite></testsuites>