<?xml version="1.0" encoding="utf-8"?><testsuites name="pytest tests"><testsuite name="pytest" errors="0" failures="0" skipped="0" tests="12" time="1.825" timestamp="2026-01-24T23:24:50.738605+00:00" hostname="agent-env-12586fa9-266a-47b8-99da-2d82b6647534"><testcase classname="backend.tests.test_nominations.TestNominationEndpoints" name="test_get_nominations_list" time="0.076" /><testcase classname="backend.tests.test_nominations.TestNominationEndpoints" name="test_get_nominations_stats" time="0.046" /><testcase classname="backend.tests.test_nominations.TestNominationEndpoints" name="test_create_nomination_with_all_fields" time="0.045" /><testcase classname="backend.tests.test_nominations.TestNominationEndpoints" name="test_get_nomination_by_id" time="0.086" /><testcase classname="backend.tests.test_nominations.TestNominationEndpoints" name="test_get_nominations_filtered_by_status" time="0.088" /><testcase classname="backend.tests.test_nominations.TestNominationEndpoints" name="test_approve_nomination" time="0.483" /><testcase classname="backend.tests.test_nominations.TestNominationEndpoints" name="test_reject_nomination" time="0.119" /><testcase classname="backend.tests.test_nominations.TestNominationEndpoints" name="test_update_nomination" time="0.082" /><testcase classname="backend.tests.test_nominations.TestNominationEndpoints" name="test_delete_nomination" time="0.115" /><testcase classname="backend.tests.test_nominations.TestNominationEndpoints" name="test_approve_already_approved_nomination" time="0.479" /><testcase classname="backend.tests.test_nominations.TestNominationEndpoints" name="test_get_nonexistent_nomination" time="0.040" /><testcase classname="backend.tests.test_nominations.TestNominationDataValidation" name="test_create_nomination_minimal_fields" time="0.084" /></testsuite></testsuites>