<?xml version="1.0" encoding="utf-8"?><testsuites name="pytest tests"><testsuite name="pytest" errors="0" failures="0" skipped="0" tests="25" time="0.913" timestamp="2026-01-25T00:39:37.177676+00:00" hostname="agent-env-12586fa9-266a-47b8-99da-2d82b6647534"><testcase classname="backend.tests.test_evaluations.TestEvaluationQuestions" name="test_get_evaluation_questions" time="0.118" /><testcase classname="backend.tests.test_evaluations.TestEvaluationQuestions" name="test_get_evaluation_questions_include_inactive" time="0.017" /><testcase classname="backend.tests.test_evaluations.TestEvaluationQuestions" name="test_create_evaluation_question" time="0.066" /><testcase classname="backend.tests.test_evaluations.TestEvaluationQuestions" name="test_update_evaluation_question" time="0.064" /><testcase classname="backend.tests.test_evaluations.TestEvaluationQuestions" name="test_update_nonexistent_question" time="0.052" /><testcase classname="backend.tests.test_evaluations.TestEvaluationQuestions" name="test_delete_evaluation_question" time="0.084" /><testcase classname="backend.tests.test_evaluations.TestEvaluationQuestions" name="test_delete_nonexistent_question" time="0.010" /><testcase classname="backend.tests.test_evaluations.TestEvaluationSubmission" name="test_submit_evaluation" time="0.065" /><testcase classname="backend.tests.test_evaluations.TestEvaluationSubmission" name="test_submit_evaluation_with_various_ratings" time="0.021" /><testcase classname="backend.tests.test_evaluations.TestEvaluationStatistics" name="test_get_evaluation_stats" time="0.052" /><testcase classname="backend.tests.test_evaluations.TestEvaluationStatistics" name="test_get_evaluation_stats_by_workshop" time="0.012" /><testcase classname="backend.tests.test_evaluations.TestEvaluationStatistics" name="test_get_evaluation_stats_by_leader" time="0.010" /><testcase classname="backend.tests.test_evaluations.TestEvaluationStatistics" name="test_get_evaluation_stats_questions_breakdown" time="0.051" /><testcase classname="backend.tests.test_evaluations.TestEvaluationStatistics" name="test_get_evaluation_stats_leaders_comparison" time="0.011" /><testcase classname="backend.tests.test_evaluations.TestLeaderDetailedStats" name="test_get_leader_detailed_stats" time="0.012" /><testcase classname="backend.tests.test_evaluations.TestLeaderDetailedStats" name="test_get_leader_detailed_stats_nonexistent" time="0.011" /><testcase classname="backend.tests.test_evaluations.TestEvaluationFormData" name="test_get_evaluation_form_data" time="0.012" /><testcase classname="backend.tests.test_evaluations.TestEvaluationFormData" name="test_get_evaluation_form_data_nonexistent_workshop" time="0.011" /><testcase classname="backend.tests.test_evaluations.TestEvaluationFormData" name="test_get_evaluation_form_data_nonexistent_session" time="0.014" /><testcase classname="backend.tests.test_evaluations.TestLeaderFeedback" name="test_send_leader_feedback" time="0.050" /><testcase classname="backend.tests.test_evaluations.TestLeaderFeedback" name="test_send_feedback_nonexistent_leader" time="0.010" /><testcase classname="backend.tests.test_evaluations.TestLeaderFeedback" name="test_get_leader_feedback_history" time="0.010" /><testcase classname="backend.tests.test_evaluations.TestSessionEvaluations" name="test_get_session_evaluations" time="0.012" /><testcase classname="backend.tests.test_evaluations.TestSessionEvaluations" name="test_get_session_evaluations_with_participant_info" time="0.011" /><testcase classname="backend.tests.test_evaluations.TestSessionEvaluations" name="test_get_leader_evaluations" time="0.026" /></testsuite></testsuites>