<?xml version="1.0" encoding="utf-8"?><testsuites name="pytest tests"><testsuite name="pytest" errors="0" failures="5" skipped="0" tests="22" time="14.059" timestamp="2026-01-25T01:49:36.597229+00:00" hostname="agent-env-95271255-9898-4149-a8a7-0336dad85544"><testcase classname="backend.tests.test_leader_invitation_registration.TestLeaderInvitationEndpoints" name="test_get_leader_invitations_empty_or_list" time="0.081" /><testcase classname="backend.tests.test_leader_invitation_registration.TestLeaderInvitationEndpoints" name="test_create_leader_invitation" time="0.394" /><testcase classname="backend.tests.test_leader_invitation_registration.TestLeaderInvitationEndpoints" name="test_create_duplicate_invitation_fails" time="0.334" /><testcase classname="backend.tests.test_leader_invitation_registration.TestLeaderInvitationEndpoints" name="test_get_invitation_by_token" time="0.336" /><testcase classname="backend.tests.test_leader_invitation_registration.TestLeaderInvitationEndpoints" name="test_get_invitation_invalid_token" time="0.041" /><testcase classname="backend.tests.test_leader_invitation_registration.TestLeaderInvitationEndpoints" name="test_delete_invitation" time="0.333" /><testcase classname="backend.tests.test_leader_invitation_registration.TestLeaderRegistrationEndpoints" name="test_register_leader_with_valid_token" time="0.746" /><testcase classname="backend.tests.test_leader_invitation_registration.TestLeaderRegistrationEndpoints" name="test_register_with_invalid_token" time="0.042" /><testcase classname="backend.tests.test_leader_invitation_registration.TestLeaderRegistrationEndpoints" name="test_register_with_used_token" time="0.756" /><testcase classname="backend.tests.test_leader_invitation_registration.TestLeaderRegistrationApproval" name="test_get_leader_registrations" time="0.038" /><testcase classname="backend.tests.test_leader_invitation_registration.TestLeaderRegistrationApproval" name="test_get_leader_registrations_by_status" time="0.039" /><testcase classname="backend.tests.test_leader_invitation_registration.TestLeaderRegistrationApproval" name="test_approve_registration" time="1.062"><failure message="KeyError: 'is_registered_leader'">backend/tests/test_leader_invitation_registration.py:343: in test_approve_registration
    assert leader["is_registered_leader"] == True
           ^^^^^^^^^^^^^^^^^^^^^^^^^^^^^^
E   KeyError: 'is_registered_leader'</failure></testcase><testcase classname="backend.tests.test_leader_invitation_registration.TestLeaderRegistrationApproval" name="test_reject_registration" time="1.187" /><testcase classname="backend.tests.test_leader_invitation_registration.TestLeaderLogin" name="test_login_approved_leader" time="1.206" /><testcase classname="backend.tests.test_leader_invitation_registration.TestLeaderLogin" name="test_login_wrong_password" time="1.174" /><testcase classname="backend.tests.test_leader_invitation_registration.TestLeaderLogin" name="test_login_nonexistent_email" time="0.038" /><testcase classname="backend.tests.test_leader_invitation_registration.TestLeaderLogin" name="test_login_pending_leader" time="1.027" /><testcase classname="backend.tests.test_leader_invitation_registration.TestLeaderPortalEndpoints" name="test_get_current_leader_profile" time="1.231"><failure message="assert 404 == 200&#10; +  where 404 = &lt;Response [404]&gt;.status_code">backend/tests/test_leader_invitation_registration.py:568: in test_get_current_leader_profile
    assert response.status_code == 200
E   assert 404 == 200
E    +  where 404 = &lt;Response [404]&gt;.status_code</failure></testcase><testcase classname="backend.tests.test_leader_invitation_registration.TestLeaderPortalEndpoints" name="test_get_current_leader_unauthorized" time="0.055"><failure message="assert 404 == 401&#10; +  where 404 = &lt;Response [404]&gt;.status_code">backend/tests/test_leader_invitation_registration.py:578: in test_get_current_leader_unauthorized
    assert response.status_code == 401
E   assert 404 == 401
E    +  where 404 = &lt;Response [404]&gt;.status_code</failure></testcase><testcase classname="backend.tests.test_leader_invitation_registration.TestLeaderPortalEndpoints" name="test_update_leader_profile" time="1.274"><failure message="assert 404 == 200&#10; +  where 404 = &lt;Response [404]&gt;.status_code">backend/tests/test_leader_invitation_registration.py:596: in test_update_leader_profile
    assert response.status_code == 200
E   assert 404 == 200
E    +  where 404 = &lt;Response [404]&gt;.status_code</failure></testcase><testcase classname="backend.tests.test_leader_invitation_registration.TestLeaderPortalEndpoints" name="test_get_leader_sessions" time="1.218" /><testcase classname="backend.tests.test_leader_invitation_registration.TestFullLeaderFlow" name="test_complete_leader_flow" time="1.328"><failure message="assert 404 == 200&#10; +  where 404 = &lt;Response [404]&gt;.status_code">backend/tests/test_leader_invitation_registration.py:714: in test_complete_leader_flow
    assert profile_response.status_code == 200
E   assert 404 == 200
E    +  where 404 = &lt;Response [404]&gt;.status_code</failure></testcase></testsuite></testsuites>